<?xml version="1.0" encoding="UTF-8"?>
<beans xmlns="http://www.springframework.org/schema/beans"
       xmlns:xsi="http://www.w3.org/2001/XMLSchema-instance" xmlns:tx="http://www.springframework.org/schema/tx"
       xmlns:context="http://www.springframework.org/schema/context"
       xsi:schemaLocation="http://www.springframework.org/schema/beans http://www.springframework.org/schema/beans/spring-beans.xsd http://www.springframework.org/schema/tx http://www.springframework.org/schema/tx/spring-tx.xsd http://www.springframework.org/schema/context http://www.springframework.org/schema/context/spring-context.xsd">
    <context:component-scan
            base-package="fr.afcepf.atod26.projet1.groupe2.wsgestionpaiement.data"/>
    <bean id="beanDataSource"
          class="org.apache.commons.dbcp2.BasicDataSource"
          destroy-method="close">
        <property name="url"
                  value="jdbc:mysql://localhost/test"/>
        <property name="driverClassName"
                  value="com.mysql.jdbc.Driver"/>
        <property name="username" value="root"/>
        <property name="password" value="ange0601"/>
    </bean>

    <bean id="mySessionFactory"
          class="org.springframework.orm.hibernate4.LocalSessionFactoryBean">
        <property name="dataSource" ref="beanDataSource"/>
        <property name="configLocation"
                  value="classpath:hibernate-test.cfg.xml"/>
    </bean>
    <tx:annotation-driven/>
    <bean id="transactionManager"
          class="org.springframework.orm.hibernate4.HibernateTransactionManager">
        <property name="sessionFactory" ref="mySessionFactory"/>
    </bean>
</beans>